<?xml version="1.0" encoding="UTF-8"?>
<!-- Generated by org.testng.reporters.JUnitXMLReporter -->
<testsuite ignored="0" hostname="Nitin" failures="1" tests="3" name="Test" time="133.474" errors="0" timestamp="2023-09-04T10:51:33 IST">
  <testcase classname="com.bestbuy.tests.SignInTests" name="ValidClickUnitedStates" time="27.783"/>
  <testcase classname="com.bestbuy.tests.SignInTests" name="loginWithInvalidEmail" time="103.755"/>
  <testcase classname="com.bestbuy.tests.SignInTests" name="loginWithValidCredentials" time="1.578">
    <failure type="java.lang.AssertionError" message="expected [Best Buy | Official Online Store | Shop Now &amp;amp; Save] but found []">
      <![CDATA[java.lang.AssertionError: expected [Best Buy | Official Online Store | Shop Now & Save] but found []
at com.bestbuy.tests.SignInTests.loginWithValidCredentials(SignInTests.java:60)
at java.base/java.util.ArrayList.forEach(ArrayList.java:1511)
... Removed 33 stack frames]]>
    </failure>
  </testcase> <!-- loginWithValidCredentials -->
</testsuite> <!-- Test -->
